<?xml version="1.0" encoding="UTF-8"?>
<!-- Generated by org.testng.reporters.JUnitReportReporter -->
<testsuite skipped="0" hostname="DSCHD-PC-054" name="smoketest.Search2SmokeTest" tests="1" failures="0" timestamp="06 Feb 2019 14:05:08 GMT" time="17.669" errors="0">
  <testcase name="search2SmokeTest" time="17.669" classname="smoketest.Search2SmokeTest"/>
</testsuite> <!-- smoketest.Search2SmokeTest -->
