<?xml version="1.0" encoding="UTF-8"?>
<!-- Generated by org.testng.reporters.JUnitReportReporter -->
<testsuite hostname="DESKTOP-TOI1ET5" failures="0" tests="1" name="smoketest.SigninSmokeTest" time="0.034" errors="0" timestamp="30 Dec 2018 08:05:32 GMT" skipped="0">
  <testcase classname="smoketest.SigninSmokeTest" name="signinSmokeTest" time="0.034"/>
</testsuite> <!-- smoketest.SigninSmokeTest -->
