<?xml version="1.0" encoding="UTF-8"?>
<!-- Generated by org.testng.reporters.JUnitReportReporter -->
<testsuite skipped="0" hostname="DSCHD-PC-054" name="smoketest.LoginYahoo" tests="1" failures="0" timestamp="12 Mar 2019 13:13:49 GMT" time="26.392" errors="0">
  <testcase name="login" time="26.392" classname="smoketest.LoginYahoo"/>
</testsuite> <!-- smoketest.LoginYahoo -->
