<?xml version="1.0" encoding="UTF-8"?>
<!-- Generated by org.testng.reporters.JUnitReportReporter -->
<testsuite skipped="0" hostname="DSCHD-PC-054" name="smoketest.SearchSmokeTest" tests="1" failures="0" timestamp="06 Feb 2019 14:05:08 GMT" time="18.197" errors="0">
  <testcase name="searchTest" time="18.197" classname="smoketest.SearchSmokeTest"/>
</testsuite> <!-- smoketest.SearchSmokeTest -->
